[2024-07-15 22:50:34] merlin-logger.DEBUG: The welcome step has been displayed [] []
[2024-07-15 22:50:41] merlin-logger.DEBUG: The child theme installation step has been displayed [] []
[2024-07-15 22:50:47] merlin-logger.DEBUG: The child theme style.css content was generated [] []
[2024-07-15 22:50:47] merlin-logger.DEBUG: The child theme functions.php content was generated [] []
[2024-07-15 22:50:47] merlin-logger.DEBUG: The child theme screenshot was copied to the child theme, with the following result {"copied":true} []
[2024-07-15 22:50:47] merlin-logger.DEBUG: The newly generated child theme was activated [] []
[2024-07-15 22:50:57] merlin-logger.DEBUG: The plugin installation step has been displayed [] []
[2024-07-15 22:51:02] merlin-logger.DEBUG: A plugin with the following data will be processed {"plugin_slug":"elementor","message":"Updating"} []
[2024-07-15 22:51:23] merlin-logger.DEBUG: A plugin with the following data was processed {"plugin_slug":"elementor"} []
[2024-07-15 22:51:30] merlin-logger.DEBUG: The content import step has been displayed [] []
[2024-07-15 22:51:52] merlin-logger.INFO: The content import AJAX call will be executed with this import data {"title":"Content","data":"C:\\xampp\\htdocs\\wordpress/wp-content/themes/bissful/inc/admin/import/home-one/site-contents.xml"} []
[2024-07-15 22:51:53] merlin-logger.DEBUG: The Hello world post status was set to draft [] []
[2024-07-15 22:51:53] merlin-logger.INFO: Imported "Events" (category) [] []
[2024-07-15 22:51:53] merlin-logger.DEBUG: Term 1 remapped to 2 [] []
[2024-07-15 22:51:53] merlin-logger.INFO: Imported "Weeding" (category) [] []
[2024-07-15 22:51:53] merlin-logger.DEBUG: Term 2 remapped to 3 [] []
[2024-07-15 22:51:53] merlin-logger.INFO: Imported "Business" (post_tag) [] []
[2024-07-15 22:51:53] merlin-logger.DEBUG: Term 3 remapped to 4 [] []
[2024-07-15 22:51:53] merlin-logger.INFO: Imported "Tag 2" (post_tag) [] []
[2024-07-15 22:51:53] merlin-logger.DEBUG: Term 4 remapped to 5 [] []
[2024-07-15 22:51:53] merlin-logger.INFO: Imported "Wedding" (post_tag) [] []
[2024-07-15 22:51:53] merlin-logger.DEBUG: Term 5 remapped to 6 [] []
[2024-07-15 22:51:53] merlin-logger.INFO: Imported "page" (elementor_library_type) [] []
[2024-07-15 22:51:53] merlin-logger.DEBUG: Term 6 remapped to 7 [] []
[2024-07-15 22:51:53] merlin-logger.INFO: Imported "Main Menu" (nav_menu) [] []
[2024-07-15 22:51:53] merlin-logger.DEBUG: Term 7 remapped to 8 [] []
[2024-07-15 22:51:54] merlin-logger.INFO: Imported "Group (2)" (Media) [] []
[2024-07-15 22:51:54] merlin-logger.DEBUG: Post 1179 remapped to 1179 [] []
[2024-07-15 22:51:57] merlin-logger.INFO: Imported "Vector (1)" (Media) [] []
[2024-07-15 22:51:57] merlin-logger.DEBUG: Post 1180 remapped to 1180 [] []
[2024-07-15 22:51:58] merlin-logger.INFO: Imported "Frame (1)" (Media) [] []
[2024-07-15 22:51:58] merlin-logger.DEBUG: Post 1182 remapped to 1182 [] []
[2024-07-15 22:51:59] merlin-logger.INFO: Imported "Frame" (Media) [] []
[2024-07-15 22:51:59] merlin-logger.DEBUG: Post 1193 remapped to 1193 [] []
[2024-07-15 22:52:02] merlin-logger.INFO: Imported "Rectangle 2679 (1)" (Media) [] []
[2024-07-15 22:52:02] merlin-logger.DEBUG: Post 1197 remapped to 1197 [] []
[2024-07-15 22:52:03] merlin-logger.INFO: Imported "Vector" (Media) [] []
[2024-07-15 22:52:03] merlin-logger.DEBUG: Post 1204 remapped to 1204 [] []
[2024-07-15 22:52:04] merlin-logger.INFO: Imported "Vector (1)" (Media) [] []
[2024-07-15 22:52:04] merlin-logger.DEBUG: Post 1205 remapped to 1205 [] []
[2024-07-15 22:52:05] merlin-logger.INFO: Imported "Vector (2)" (Media) [] []
[2024-07-15 22:52:05] merlin-logger.DEBUG: Post 1209 remapped to 1209 [] []
[2024-07-15 22:52:07] merlin-logger.INFO: Imported "Rectangle 2295 (1)" (Media) [] []
[2024-07-15 22:52:07] merlin-logger.DEBUG: Post 1213 remapped to 1213 [] []
[2024-07-15 22:52:09] merlin-logger.INFO: Imported "Rectangle 2295 (2)" (Media) [] []
[2024-07-15 22:52:09] merlin-logger.DEBUG: Post 1214 remapped to 1214 [] []
[2024-07-15 22:52:12] merlin-logger.INFO: Imported "Rectangle 2295" (Media) [] []
[2024-07-15 22:52:12] merlin-logger.DEBUG: Post 1215 remapped to 1215 [] []
[2024-07-15 22:52:13] merlin-logger.INFO: Imported "Frame (3) (1)" (Media) [] []
[2024-07-15 22:52:13] merlin-logger.DEBUG: Post 1220 remapped to 1220 [] []
[2024-07-15 22:52:13] merlin-logger.INFO: New AJAX call! [] []
[2024-07-15 22:52:14] merlin-logger.INFO: The content import AJAX call will be executed with this import data {"title":"Content","data":"C:\\xampp\\htdocs\\wordpress/wp-content/themes/bissful/inc/admin/import/home-one/site-contents.xml"} []
[2024-07-15 22:52:14] merlin-logger.DEBUG: The Hello world post status was set to draft [] []
[2024-07-15 22:52:16] merlin-logger.INFO: Imported "Frame (4)" (Media) [] []
[2024-07-15 22:52:16] merlin-logger.DEBUG: Post 1221 remapped to 1221 [] []
[2024-07-15 22:52:17] merlin-logger.INFO: Imported "Frame (5)" (Media) [] []
[2024-07-15 22:52:17] merlin-logger.DEBUG: Post 1222 remapped to 1222 [] []
[2024-07-15 22:52:18] merlin-logger.INFO: Imported "Frame (6)" (Media) [] []
[2024-07-15 22:52:18] merlin-logger.DEBUG: Post 1223 remapped to 1223 [] []
[2024-07-15 22:52:20] merlin-logger.INFO: Imported "Frame (7)" (Media) [] []
[2024-07-15 22:52:20] merlin-logger.DEBUG: Post 1224 remapped to 1224 [] []
[2024-07-15 22:52:22] merlin-logger.INFO: Imported "wepik-export-20240213064400E0rK (2)" (Media) [] []
[2024-07-15 22:52:22] merlin-logger.DEBUG: Post 1231 remapped to 1231 [] []
[2024-07-15 22:52:24] merlin-logger.INFO: Imported "wepik-export-20240213065305m0DZ 1" (Media) [] []
[2024-07-15 22:52:24] merlin-logger.DEBUG: Post 1232 remapped to 1232 [] []
[2024-07-15 22:52:26] merlin-logger.INFO: Imported "wepik-export-20240213064502Ip5f" (Media) [] []
[2024-07-15 22:52:26] merlin-logger.DEBUG: Post 1233 remapped to 1233 [] []
[2024-07-15 22:52:27] merlin-logger.INFO: Imported "wepik-export-20240213064538903M (1)" (Media) [] []
[2024-07-15 22:52:27] merlin-logger.DEBUG: Post 1234 remapped to 1234 [] []
[2024-07-15 22:52:29] merlin-logger.INFO: Imported "06 (1)" (Media) [] []
[2024-07-15 22:52:29] merlin-logger.DEBUG: Post 1238 remapped to 1238 [] []
[2024-07-15 22:52:31] merlin-logger.INFO: Imported "04 (1)" (Media) [] []
[2024-07-15 22:52:31] merlin-logger.DEBUG: Post 1239 remapped to 1239 [] []
[2024-07-15 22:52:33] merlin-logger.INFO: Imported "02 (1)" (Media) [] []
[2024-07-15 22:52:33] merlin-logger.DEBUG: Post 1240 remapped to 1240 [] []
[2024-07-15 22:52:35] merlin-logger.INFO: Imported "03 (1)" (Media) [] []
[2024-07-15 22:52:35] merlin-logger.DEBUG: Post 1241 remapped to 1241 [] []
[2024-07-15 22:52:35] merlin-logger.INFO: New AJAX call! [] []
[2024-07-15 22:52:36] merlin-logger.INFO: The content import AJAX call will be executed with this import data {"title":"Content","data":"C:\\xampp\\htdocs\\wordpress/wp-content/themes/bissful/inc/admin/import/home-one/site-contents.xml"} []
[2024-07-15 22:52:36] merlin-logger.DEBUG: The Hello world post status was set to draft [] []
[2024-07-15 22:52:38] merlin-logger.INFO: Imported "01 (1)" (Media) [] []
[2024-07-15 22:52:38] merlin-logger.DEBUG: Post 1242 remapped to 1242 [] []
[2024-07-15 22:52:40] merlin-logger.INFO: Imported "05 (1)" (Media) [] []
[2024-07-15 22:52:40] merlin-logger.DEBUG: Post 1243 remapped to 1243 [] []
[2024-07-15 22:52:42] merlin-logger.INFO: Imported "Ellipse 1543" (Media) [] []
[2024-07-15 22:52:42] merlin-logger.DEBUG: Post 1247 remapped to 1247 [] []
[2024-07-15 22:52:43] merlin-logger.INFO: Imported "Vector (3)" (Media) [] []
[2024-07-15 22:52:43] merlin-logger.DEBUG: Post 1248 remapped to 1248 [] []
[2024-07-15 22:52:46] merlin-logger.INFO: Imported "Rectangle 3707 (1)" (Media) [] []
[2024-07-15 22:52:46] merlin-logger.DEBUG: Post 1252 remapped to 1252 [] []
[2024-07-15 22:52:47] merlin-logger.INFO: Imported "Frame (2)" (Media) [] []
[2024-07-15 22:52:47] merlin-logger.DEBUG: Post 1256 remapped to 1256 [] []
[2024-07-15 22:52:48] merlin-logger.INFO: Imported "Frame (3)" (Media) [] []
[2024-07-15 22:52:48] merlin-logger.DEBUG: Post 1260 remapped to 1260 [] []
[2024-07-15 22:52:49] merlin-logger.INFO: Imported "Frame (4)" (Media) [] []
[2024-07-15 22:52:49] merlin-logger.DEBUG: Post 1261 remapped to 1261 [] []
[2024-07-15 22:52:50] merlin-logger.INFO: Imported "Group 1000009184" (Media) [] []
[2024-07-15 22:52:50] merlin-logger.DEBUG: Post 1268 remapped to 1268 [] []
[2024-07-15 22:52:52] merlin-logger.INFO: Imported "Rectangle 2577 (1)" (Media) [] []
[2024-07-15 22:52:52] merlin-logger.DEBUG: Post 1277 remapped to 1277 [] []
[2024-07-15 22:52:53] merlin-logger.INFO: Imported "Rectangle 3730 (1)" (Media) [] []
[2024-07-15 22:52:53] merlin-logger.DEBUG: Post 1278 remapped to 1278 [] []
[2024-07-15 22:52:55] merlin-logger.INFO: Imported "New Project (1)" (Media) [] []
[2024-07-15 22:52:55] merlin-logger.DEBUG: Post 1282 remapped to 1282 [] []
[2024-07-15 22:52:58] merlin-logger.INFO: Imported "New Project (2) (1)" (Media) [] []
[2024-07-15 22:52:58] merlin-logger.DEBUG: Post 1283 remapped to 1283 [] []
[2024-07-15 22:52:58] merlin-logger.INFO: New AJAX call! [] []
[2024-07-15 22:52:59] merlin-logger.INFO: The content import AJAX call will be executed with this import data {"title":"Content","data":"C:\\xampp\\htdocs\\wordpress/wp-content/themes/bissful/inc/admin/import/home-one/site-contents.xml"} []
[2024-07-15 22:52:59] merlin-logger.DEBUG: The Hello world post status was set to draft [] []
[2024-07-15 22:53:01] merlin-logger.INFO: Imported "New Project (3) (1)" (Media) [] []
[2024-07-15 22:53:01] merlin-logger.DEBUG: Post 1285 remapped to 1285 [] []
[2024-07-15 22:53:03] merlin-logger.INFO: Imported "Rectangle 2685 (1)" (Media) [] []
[2024-07-15 22:53:03] merlin-logger.DEBUG: Post 1287 remapped to 1287 [] []
[2024-07-15 22:53:04] merlin-logger.INFO: Imported "Ellipse 1232" (Media) [] []
[2024-07-15 22:53:04] merlin-logger.DEBUG: Post 1288 remapped to 1288 [] []
[2024-07-15 22:53:04] merlin-logger.INFO: Imported "Default Kit" (Template) [] []
[2024-07-15 22:53:04] merlin-logger.DEBUG: Post 5 remapped to 1289 [] []
[2024-07-15 22:53:05] merlin-logger.INFO: Imported "Default Kit" (Template) [] []
[2024-07-15 22:53:05] merlin-logger.DEBUG: Post 444 remapped to 1290 [] []
[2024-07-15 22:53:05] merlin-logger.INFO: Imported "" (Navigation Menu Item) [] []
[2024-07-15 22:53:05] merlin-logger.DEBUG: Post 800 remapped to 800 [] []
[2024-07-15 22:53:05] merlin-logger.DEBUG: Processing menu item post_type [] []
[2024-07-15 22:53:05] merlin-logger.INFO: Imported "Home" (Navigation Menu Item) [] []
[2024-07-15 22:53:05] merlin-logger.DEBUG: Post 805 remapped to 805 [] []
[2024-07-15 22:53:05] merlin-logger.DEBUG: Processing menu item custom [] []
[2024-07-15 22:53:05] merlin-logger.DEBUG: Menu item 805 mapped to 805 [] []
[2024-07-15 22:53:05] merlin-logger.INFO: Navigation Menu Item "" already exists. [] []
[2024-07-15 22:53:05] merlin-logger.INFO: Navigation Menu Item "" already exists. [] []
[2024-07-15 22:53:05] merlin-logger.INFO: Imported "Services" (Navigation Menu Item) [] []
[2024-07-15 22:53:05] merlin-logger.DEBUG: Post 824 remapped to 824 [] []
[2024-07-15 22:53:05] merlin-logger.DEBUG: Processing menu item custom [] []
[2024-07-15 22:53:05] merlin-logger.DEBUG: Menu item 824 mapped to 824 [] []
[2024-07-15 22:53:05] merlin-logger.INFO: Imported "" (Navigation Menu Item) [] []
[2024-07-15 22:53:05] merlin-logger.DEBUG: Post 825 remapped to 825 [] []
[2024-07-15 22:53:05] merlin-logger.DEBUG: Processing menu item post_type [] []
[2024-07-15 22:53:05] merlin-logger.INFO: Imported "Pages" (Navigation Menu Item) [] []
[2024-07-15 22:53:05] merlin-logger.DEBUG: Post 829 remapped to 829 [] []
[2024-07-15 22:53:05] merlin-logger.DEBUG: Processing menu item custom [] []
[2024-07-15 22:53:05] merlin-logger.DEBUG: Menu item 829 mapped to 829 [] []
[2024-07-15 22:53:05] merlin-logger.INFO: Imported "Blog" (Navigation Menu Item) [] []
[2024-07-15 22:53:05] merlin-logger.DEBUG: Post 831 remapped to 831 [] []
[2024-07-15 22:53:05] merlin-logger.DEBUG: Processing menu item custom [] []
[2024-07-15 22:53:05] merlin-logger.DEBUG: Menu item 831 mapped to 831 [] []
[2024-07-15 22:53:06] merlin-logger.INFO: Imported "" (Navigation Menu Item) [] []
[2024-07-15 22:53:06] merlin-logger.DEBUG: Post 834 remapped to 834 [] []
[2024-07-15 22:53:06] merlin-logger.DEBUG: Processing menu item post_type [] []
[2024-07-15 22:53:06] merlin-logger.INFO: Imported "" (Navigation Menu Item) [] []
[2024-07-15 22:53:06] merlin-logger.DEBUG: Post 835 remapped to 835 [] []
[2024-07-15 22:53:06] merlin-logger.DEBUG: Processing menu item post_type [] []
[2024-07-15 22:53:06] merlin-logger.INFO: Imported "" (Navigation Menu Item) [] []
[2024-07-15 22:53:06] merlin-logger.DEBUG: Post 836 remapped to 836 [] []
[2024-07-15 22:53:06] merlin-logger.DEBUG: Processing menu item post_type [] []
[2024-07-15 22:53:06] merlin-logger.INFO: Imported "bissful" (Custom CSS) [] []
[2024-07-15 22:53:06] merlin-logger.DEBUG: Post 839 remapped to 839 [] []
[2024-07-15 22:53:06] merlin-logger.INFO: Imported "Service Details" (Navigation Menu Item) [] []
[2024-07-15 22:53:06] merlin-logger.DEBUG: Post 852 remapped to 852 [] []
[2024-07-15 22:53:06] merlin-logger.DEBUG: Processing menu item post_type [] []
[2024-07-15 22:53:08] merlin-logger.INFO: Imported "Bg" (Media) [] []
[2024-07-15 22:53:08] merlin-logger.DEBUG: Post 1295 remapped to 1295 [] []
[2024-07-15 22:53:09] merlin-logger.INFO: Imported "Frame (5)" (Media) [] []
[2024-07-15 22:53:09] merlin-logger.DEBUG: Post 1296 remapped to 1296 [] []
[2024-07-15 22:53:10] merlin-logger.INFO: Imported "Vector (4)" (Media) [] []
[2024-07-15 22:53:10] merlin-logger.DEBUG: Post 1297 remapped to 1297 [] []
[2024-07-15 22:53:12] merlin-logger.INFO: Imported "Frame (6)" (Media) [] []
[2024-07-15 22:53:12] merlin-logger.DEBUG: Post 1301 remapped to 1301 [] []
[2024-07-15 22:53:13] merlin-logger.INFO: Imported "solar_heart-broken" (Media) [] []
[2024-07-15 22:53:13] merlin-logger.DEBUG: Post 1305 remapped to 1305 [] []
[2024-07-15 22:53:13] merlin-logger.INFO: Imported "Sample Page" (Page) [] []
[2024-07-15 22:53:13] merlin-logger.DEBUG: Post 2 remapped to 1306 [] []
[2024-07-15 22:53:14] merlin-logger.INFO: Imported "Gardens Perfected a Weeding" (Post) [] []
[2024-07-15 22:53:14] merlin-logger.DEBUG: Post 113 remapped to 1307 [] []
[2024-07-15 22:53:14] merlin-logger.INFO: Imported "Eradicating Weeds a Elevating" (Post) [] []
[2024-07-15 22:53:14] merlin-logger.DEBUG: Post 122 remapped to 1308 [] []
[2024-07-15 22:53:14] merlin-logger.INFO: Imported "Unveiling the most Hidden Charm" (Post) [] []
[2024-07-15 22:53:14] merlin-logger.DEBUG: Post 123 remapped to 1309 [] []
[2024-07-15 22:53:14] merlin-logger.INFO: Imported "A love story in motion wedding" (Post) [] []
[2024-07-15 22:53:14] merlin-logger.DEBUG: Post 126 remapped to 1310 [] []
[2024-07-15 22:53:15] merlin-logger.INFO: Imported "Home Two" (Page) [] []
[2024-07-15 22:53:15] merlin-logger.DEBUG: Post 134 remapped to 1311 [] []
[2024-07-15 22:53:15] merlin-logger.INFO: Imported "Home Three" (Page) [] []
[2024-07-15 22:53:15] merlin-logger.DEBUG: Post 290 remapped to 1312 [] []
[2024-07-15 22:53:15] merlin-logger.INFO: Imported "About Us" (Page) [] []
[2024-07-15 22:53:15] merlin-logger.DEBUG: Post 503 remapped to 1313 [] []
[2024-07-15 22:53:15] merlin-logger.INFO: Imported "Service" (Page) [] []
[2024-07-15 22:53:15] merlin-logger.DEBUG: Post 552 remapped to 1314 [] []
[2024-07-15 22:53:15] merlin-logger.INFO: Imported "Engagement Ceremony" (Service) [] []
[2024-07-15 22:53:15] merlin-logger.DEBUG: Post 565 remapped to 1315 [] []
[2024-07-15 22:53:15] merlin-logger.INFO: Imported "Project" (Page) [] []
[2024-07-15 22:53:15] merlin-logger.DEBUG: Post 616 remapped to 1316 [] []
[2024-07-15 22:53:15] merlin-logger.INFO: Imported "Project Details" (Page) [] []
[2024-07-15 22:53:15] merlin-logger.DEBUG: Post 634 remapped to 1317 [] []
[2024-07-15 22:53:15] merlin-logger.INFO: Imported "Contact Us" (Page) [] []
[2024-07-15 22:53:15] merlin-logger.DEBUG: Post 681 remapped to 1318 [] []
[2024-07-15 22:53:15] merlin-logger.INFO: Imported "Blog" (Page) [] []
[2024-07-15 22:53:15] merlin-logger.DEBUG: Post 738 remapped to 1319 [] []
[2024-07-15 22:53:16] merlin-logger.INFO: Imported "Sample Page" (Page) [] []
[2024-07-15 22:53:16] merlin-logger.DEBUG: Post 798 remapped to 798 [] []
[2024-07-15 22:53:16] merlin-logger.INFO: Imported "Home" (Page) [] []
[2024-07-15 22:53:16] merlin-logger.DEBUG: Post 799 remapped to 799 [] []
[2024-07-15 22:53:16] merlin-logger.INFO: Imported "Test" (Page) [] []
[2024-07-15 22:53:16] merlin-logger.DEBUG: Post 817 remapped to 817 [] []
[2024-07-15 22:53:16] merlin-logger.INFO: Imported "Blog Details" (Navigation Menu Item) [] []
[2024-07-15 22:53:16] merlin-logger.DEBUG: Post 853 remapped to 853 [] []
[2024-07-15 22:53:16] merlin-logger.DEBUG: Processing menu item post_type [] []
[2024-07-15 22:53:16] merlin-logger.DEBUG: Menu item 113 mapped to 1307 [] []
[2024-07-15 22:53:16] merlin-logger.INFO: Imported "Home Two" (Navigation Menu Item) [] []
[2024-07-15 22:53:16] merlin-logger.DEBUG: Post 1309 remapped to 1320 [] []
[2024-07-15 22:53:16] merlin-logger.DEBUG: Processing menu item custom [] []
[2024-07-15 22:53:16] merlin-logger.DEBUG: Menu item 1309 mapped to 1320 [] []
[2024-07-15 22:53:16] merlin-logger.INFO: Imported "Home Three" (Navigation Menu Item) [] []
[2024-07-15 22:53:16] merlin-logger.DEBUG: Post 1310 remapped to 1321 [] []
[2024-07-15 22:53:16] merlin-logger.DEBUG: Processing menu item custom [] []
[2024-07-15 22:53:16] merlin-logger.DEBUG: Menu item 1310 mapped to 1321 [] []
[2024-07-15 22:53:16] merlin-logger.INFO: Imported "Contact form 1" (Contact Form) [] []
[2024-07-15 22:53:16] merlin-logger.DEBUG: Post 7 remapped to 7 [] []
[2024-07-15 22:53:16] merlin-logger.INFO: Imported "Footer Newsletter" (Contact Form) [] []
[2024-07-15 22:53:16] merlin-logger.DEBUG: Post 112 remapped to 1322 [] []
[2024-07-15 22:53:17] merlin-logger.INFO: Imported "Home 2 contact form" (Contact Form) [] []
[2024-07-15 22:53:17] merlin-logger.DEBUG: Post 208 remapped to 1323 [] []
[2024-07-15 22:53:17] merlin-logger.INFO: Imported "Home 2 newsletter form" (Contact Form) [] []
[2024-07-15 22:53:17] merlin-logger.DEBUG: Post 260 remapped to 1324 [] []
[2024-07-15 22:53:17] merlin-logger.INFO: Imported "Offcanvas Newsletter" (Contact Form) [] []
[2024-07-15 22:53:17] merlin-logger.DEBUG: Post 287 remapped to 1325 [] []
[2024-07-15 22:53:17] merlin-logger.INFO: Imported "Home 3 contact form" (Contact Form) [] []
[2024-07-15 22:53:17] merlin-logger.DEBUG: Post 471 remapped to 1326 [] []
[2024-07-15 22:53:17] merlin-logger.INFO: Imported "Garden Wedding" (Service) [] []
[2024-07-15 22:53:17] merlin-logger.DEBUG: Post 600 remapped to 1327 [] []
[2024-07-15 22:53:17] merlin-logger.INFO: Imported "Unlimited food" (Service) [] []
[2024-07-15 22:53:17] merlin-logger.DEBUG: Post 601 remapped to 1328 [] []
[2024-07-15 22:53:17] merlin-logger.INFO: Imported "Unlimited Cake" (Service) [] []
[2024-07-15 22:53:17] merlin-logger.DEBUG: Post 602 remapped to 1329 [] []
[2024-07-15 22:53:18] merlin-logger.INFO: Imported "Halud Night" (Service) [] []
[2024-07-15 22:53:18] merlin-logger.DEBUG: Post 603 remapped to 1330 [] []
[2024-07-15 22:53:18] merlin-logger.INFO: Imported "Music Party" (Service) [] []
[2024-07-15 22:53:18] merlin-logger.DEBUG: Post 604 remapped to 1331 [] []
[2024-07-15 22:53:18] merlin-logger.INFO: Imported "Contact form" (Contact Form) [] []
[2024-07-15 22:53:18] merlin-logger.DEBUG: Post 692 remapped to 1332 [] []
[2024-07-15 22:53:18] merlin-logger.INFO: Imported "Navigation" (Navigation Menu) [] []
[2024-07-15 22:53:18] merlin-logger.DEBUG: Post 812 remapped to 812 [] []
[2024-07-15 22:53:18] merlin-logger.INFO: Imported "Footer Newletter V2" (Contact Form) [] []
[2024-07-15 22:53:18] merlin-logger.DEBUG: Post 820 remapped to 820 [] []
[2024-07-15 22:53:18] merlin-logger.DEBUG: Running post-processing for post 1179 [] []
[2024-07-15 22:53:18] merlin-logger.WARNING: Could not find the author for "Group (2)" (post #1179) [] []
[2024-07-15 22:53:18] merlin-logger.DEBUG: Post 1179 was imported with author "zamari1", but could not be found [] []
[2024-07-15 22:53:18] merlin-logger.DEBUG: Running post-processing for post 1180 [] []
[2024-07-15 22:53:18] merlin-logger.WARNING: Could not find the author for "Vector (1)" (post #1180) [] []
[2024-07-15 22:53:18] merlin-logger.DEBUG: Post 1180 was imported with author "zamari1", but could not be found [] []
[2024-07-15 22:53:18] merlin-logger.DEBUG: Running post-processing for post 1182 [] []
[2024-07-15 22:53:18] merlin-logger.WARNING: Could not find the author for "Frame (1)" (post #1182) [] []
[2024-07-15 22:53:18] merlin-logger.DEBUG: Post 1182 was imported with author "zamari1", but could not be found [] []
[2024-07-15 22:53:18] merlin-logger.DEBUG: Running post-processing for post 1193 [] []
[2024-07-15 22:53:18] merlin-logger.WARNING: Could not find the author for "Frame" (post #1193) [] []
[2024-07-15 22:53:18] merlin-logger.DEBUG: Post 1193 was imported with author "zamari1", but could not be found [] []
[2024-07-15 22:53:18] merlin-logger.DEBUG: Running post-processing for post 1197 [] []
[2024-07-15 22:53:18] merlin-logger.WARNING: Could not find the author for "Rectangle 2679 (1)" (post #1197) [] []
[2024-07-15 22:53:18] merlin-logger.DEBUG: Post 1197 was imported with author "zamari1", but could not be found [] []
[2024-07-15 22:53:18] merlin-logger.DEBUG: Running post-processing for post 1204 [] []
[2024-07-15 22:53:18] merlin-logger.WARNING: Could not find the author for "Vector" (post #1204) [] []
[2024-07-15 22:53:18] merlin-logger.DEBUG: Post 1204 was imported with author "zamari1", but could not be found [] []
[2024-07-15 22:53:18] merlin-logger.DEBUG: Running post-processing for post 1205 [] []
[2024-07-15 22:53:18] merlin-logger.WARNING: Could not find the author for "Vector (1)" (post #1205) [] []
[2024-07-15 22:53:18] merlin-logger.DEBUG: Post 1205 was imported with author "zamari1", but could not be found [] []
[2024-07-15 22:53:18] merlin-logger.DEBUG: Running post-processing for post 1209 [] []
[2024-07-15 22:53:18] merlin-logger.WARNING: Could not find the author for "Vector (2)" (post #1209) [] []
[2024-07-15 22:53:18] merlin-logger.DEBUG: Post 1209 was imported with author "zamari1", but could not be found [] []
[2024-07-15 22:53:18] merlin-logger.DEBUG: Running post-processing for post 1213 [] []
[2024-07-15 22:53:18] merlin-logger.WARNING: Could not find the author for "Rectangle 2295 (1)" (post #1213) [] []
[2024-07-15 22:53:18] merlin-logger.DEBUG: Post 1213 was imported with author "zamari1", but could not be found [] []
[2024-07-15 22:53:18] merlin-logger.DEBUG: Running post-processing for post 1214 [] []
[2024-07-15 22:53:18] merlin-logger.WARNING: Could not find the author for "Rectangle 2295 (2)" (post #1214) [] []
[2024-07-15 22:53:18] merlin-logger.DEBUG: Post 1214 was imported with author "zamari1", but could not be found [] []
[2024-07-15 22:53:18] merlin-logger.DEBUG: Running post-processing for post 1215 [] []
[2024-07-15 22:53:18] merlin-logger.WARNING: Could not find the author for "Rectangle 2295" (post #1215) [] []
[2024-07-15 22:53:18] merlin-logger.DEBUG: Post 1215 was imported with author "zamari1", but could not be found [] []
[2024-07-15 22:53:18] merlin-logger.DEBUG: Running post-processing for post 1220 [] []
[2024-07-15 22:53:18] merlin-logger.WARNING: Could not find the author for "Frame (3) (1)" (post #1220) [] []
[2024-07-15 22:53:18] merlin-logger.DEBUG: Post 1220 was imported with author "zamari1", but could not be found [] []
[2024-07-15 22:53:18] merlin-logger.DEBUG: Running post-processing for post 1221 [] []
[2024-07-15 22:53:18] merlin-logger.WARNING: Could not find the author for "Frame (4)" (post #1221) [] []
[2024-07-15 22:53:18] merlin-logger.DEBUG: Post 1221 was imported with author "zamari1", but could not be found [] []
[2024-07-15 22:53:18] merlin-logger.DEBUG: Running post-processing for post 1222 [] []
[2024-07-15 22:53:18] merlin-logger.WARNING: Could not find the author for "Frame (5)" (post #1222) [] []
[2024-07-15 22:53:18] merlin-logger.DEBUG: Post 1222 was imported with author "zamari1", but could not be found [] []
[2024-07-15 22:53:18] merlin-logger.DEBUG: Running post-processing for post 1223 [] []
[2024-07-15 22:53:18] merlin-logger.WARNING: Could not find the author for "Frame (6)" (post #1223) [] []
[2024-07-15 22:53:18] merlin-logger.DEBUG: Post 1223 was imported with author "zamari1", but could not be found [] []
[2024-07-15 22:53:18] merlin-logger.DEBUG: Running post-processing for post 1224 [] []
[2024-07-15 22:53:18] merlin-logger.WARNING: Could not find the author for "Frame (7)" (post #1224) [] []
[2024-07-15 22:53:18] merlin-logger.DEBUG: Post 1224 was imported with author "zamari1", but could not be found [] []
[2024-07-15 22:53:18] merlin-logger.DEBUG: Running post-processing for post 1231 [] []
[2024-07-15 22:53:18] merlin-logger.WARNING: Could not find the author for "wepik-export-20240213064400E0rK (2)" (post #1231) [] []
[2024-07-15 22:53:18] merlin-logger.DEBUG: Post 1231 was imported with author "zamari1", but could not be found [] []
[2024-07-15 22:53:18] merlin-logger.DEBUG: Running post-processing for post 1232 [] []
[2024-07-15 22:53:18] merlin-logger.WARNING: Could not find the author for "wepik-export-20240213065305m0DZ 1" (post #1232) [] []
[2024-07-15 22:53:18] merlin-logger.DEBUG: Post 1232 was imported with author "zamari1", but could not be found [] []
[2024-07-15 22:53:18] merlin-logger.DEBUG: Running post-processing for post 1233 [] []
[2024-07-15 22:53:18] merlin-logger.WARNING: Could not find the author for "wepik-export-20240213064502Ip5f" (post #1233) [] []
[2024-07-15 22:53:18] merlin-logger.DEBUG: Post 1233 was imported with author "zamari1", but could not be found [] []
[2024-07-15 22:53:18] merlin-logger.DEBUG: Running post-processing for post 1234 [] []
[2024-07-15 22:53:18] merlin-logger.WARNING: Could not find the author for "wepik-export-20240213064538903M (1)" (post #1234) [] []
[2024-07-15 22:53:18] merlin-logger.DEBUG: Post 1234 was imported with author "zamari1", but could not be found [] []
[2024-07-15 22:53:18] merlin-logger.DEBUG: Running post-processing for post 1238 [] []
[2024-07-15 22:53:18] merlin-logger.WARNING: Could not find the author for "06 (1)" (post #1238) [] []
[2024-07-15 22:53:18] merlin-logger.DEBUG: Post 1238 was imported with author "zamari1", but could not be found [] []
[2024-07-15 22:53:18] merlin-logger.DEBUG: Running post-processing for post 1239 [] []
[2024-07-15 22:53:18] merlin-logger.WARNING: Could not find the author for "04 (1)" (post #1239) [] []
[2024-07-15 22:53:18] merlin-logger.DEBUG: Post 1239 was imported with author "zamari1", but could not be found [] []
[2024-07-15 22:53:18] merlin-logger.DEBUG: Running post-processing for post 1240 [] []
[2024-07-15 22:53:18] merlin-logger.WARNING: Could not find the author for "02 (1)" (post #1240) [] []
[2024-07-15 22:53:18] merlin-logger.DEBUG: Post 1240 was imported with author "zamari1", but could not be found [] []
[2024-07-15 22:53:18] merlin-logger.DEBUG: Running post-processing for post 1241 [] []
[2024-07-15 22:53:18] merlin-logger.WARNING: Could not find the author for "03 (1)" (post #1241) [] []
[2024-07-15 22:53:18] merlin-logger.DEBUG: Post 1241 was imported with author "zamari1", but could not be found [] []
[2024-07-15 22:53:18] merlin-logger.DEBUG: Running post-processing for post 1242 [] []
[2024-07-15 22:53:18] merlin-logger.WARNING: Could not find the author for "01 (1)" (post #1242) [] []
[2024-07-15 22:53:18] merlin-logger.DEBUG: Post 1242 was imported with author "zamari1", but could not be found [] []
[2024-07-15 22:53:18] merlin-logger.DEBUG: Running post-processing for post 1243 [] []
[2024-07-15 22:53:18] merlin-logger.WARNING: Could not find the author for "05 (1)" (post #1243) [] []
[2024-07-15 22:53:18] merlin-logger.DEBUG: Post 1243 was imported with author "zamari1", but could not be found [] []
[2024-07-15 22:53:18] merlin-logger.DEBUG: Running post-processing for post 1247 [] []
[2024-07-15 22:53:18] merlin-logger.WARNING: Could not find the author for "Ellipse 1543" (post #1247) [] []
[2024-07-15 22:53:18] merlin-logger.DEBUG: Post 1247 was imported with author "zamari1", but could not be found [] []
[2024-07-15 22:53:18] merlin-logger.DEBUG: Running post-processing for post 1248 [] []
[2024-07-15 22:53:18] merlin-logger.WARNING: Could not find the author for "Vector (3)" (post #1248) [] []
[2024-07-15 22:53:18] merlin-logger.DEBUG: Post 1248 was imported with author "zamari1", but could not be found [] []
[2024-07-15 22:53:18] merlin-logger.DEBUG: Running post-processing for post 1252 [] []
[2024-07-15 22:53:18] merlin-logger.WARNING: Could not find the author for "Rectangle 3707 (1)" (post #1252) [] []
[2024-07-15 22:53:18] merlin-logger.DEBUG: Post 1252 was imported with author "zamari1", but could not be found [] []
[2024-07-15 22:53:18] merlin-logger.DEBUG: Running post-processing for post 1256 [] []
[2024-07-15 22:53:18] merlin-logger.WARNING: Could not find the author for "Frame (2)" (post #1256) [] []
[2024-07-15 22:53:18] merlin-logger.DEBUG: Post 1256 was imported with author "zamari1", but could not be found [] []
[2024-07-15 22:53:18] merlin-logger.DEBUG: Running post-processing for post 1260 [] []
[2024-07-15 22:53:18] merlin-logger.WARNING: Could not find the author for "Frame (3)" (post #1260) [] []
[2024-07-15 22:53:18] merlin-logger.DEBUG: Post 1260 was imported with author "zamari1", but could not be found [] []
[2024-07-15 22:53:18] merlin-logger.DEBUG: Running post-processing for post 1261 [] []
[2024-07-15 22:53:18] merlin-logger.WARNING: Could not find the author for "Frame (4)" (post #1261) [] []
[2024-07-15 22:53:18] merlin-logger.DEBUG: Post 1261 was imported with author "zamari1", but could not be found [] []
[2024-07-15 22:53:18] merlin-logger.DEBUG: Running post-processing for post 1268 [] []
[2024-07-15 22:53:18] merlin-logger.WARNING: Could not find the author for "Group 1000009184" (post #1268) [] []
[2024-07-15 22:53:18] merlin-logger.DEBUG: Post 1268 was imported with author "zamari1", but could not be found [] []
[2024-07-15 22:53:18] merlin-logger.DEBUG: Post 1268 was marked for post-processing, but none was required. [] []
[2024-07-15 22:53:18] merlin-logger.DEBUG: Running post-processing for post 1277 [] []
[2024-07-15 22:53:18] merlin-logger.WARNING: Could not find the author for "Rectangle 2577 (1)" (post #1277) [] []
[2024-07-15 22:53:18] merlin-logger.DEBUG: Post 1277 was imported with author "zamari1", but could not be found [] []
[2024-07-15 22:53:18] merlin-logger.DEBUG: Running post-processing for post 1278 [] []
[2024-07-15 22:53:18] merlin-logger.WARNING: Could not find the author for "Rectangle 3730 (1)" (post #1278) [] []
[2024-07-15 22:53:18] merlin-logger.DEBUG: Post 1278 was imported with author "zamari1", but could not be found [] []
[2024-07-15 22:53:18] merlin-logger.DEBUG: Running post-processing for post 1282 [] []
[2024-07-15 22:53:18] merlin-logger.WARNING: Could not find the author for "New Project (1)" (post #1282) [] []
[2024-07-15 22:53:18] merlin-logger.DEBUG: Post 1282 was imported with author "zamari1", but could not be found [] []
[2024-07-15 22:53:18] merlin-logger.DEBUG: Running post-processing for post 1283 [] []
[2024-07-15 22:53:18] merlin-logger.WARNING: Could not find the author for "New Project (2) (1)" (post #1283) [] []
[2024-07-15 22:53:18] merlin-logger.DEBUG: Post 1283 was imported with author "zamari1", but could not be found [] []
[2024-07-15 22:53:18] merlin-logger.DEBUG: Running post-processing for post 1285 [] []
[2024-07-15 22:53:18] merlin-logger.WARNING: Could not find the author for "New Project (3) (1)" (post #1285) [] []
[2024-07-15 22:53:18] merlin-logger.DEBUG: Post 1285 was imported with author "zamari1", but could not be found [] []
[2024-07-15 22:53:19] merlin-logger.DEBUG: Running post-processing for post 1287 [] []
[2024-07-15 22:53:19] merlin-logger.WARNING: Could not find the author for "Rectangle 2685 (1)" (post #1287) [] []
[2024-07-15 22:53:19] merlin-logger.DEBUG: Post 1287 was imported with author "zamari1", but could not be found [] []
[2024-07-15 22:53:19] merlin-logger.DEBUG: Running post-processing for post 1288 [] []
[2024-07-15 22:53:19] merlin-logger.WARNING: Could not find the author for "Ellipse 1232" (post #1288) [] []
[2024-07-15 22:53:19] merlin-logger.DEBUG: Post 1288 was imported with author "zamari1", but could not be found [] []
[2024-07-15 22:53:19] merlin-logger.DEBUG: Running post-processing for post 1289 [] []
[2024-07-15 22:53:19] merlin-logger.WARNING: Could not find the author for "Default Kit" (post #1289) [] []
[2024-07-15 22:53:19] merlin-logger.DEBUG: Post 1289 was imported with author "zamari1", but could not be found [] []
[2024-07-15 22:53:19] merlin-logger.DEBUG: Post 1289 was marked for post-processing, but none was required. [] []
[2024-07-15 22:53:19] merlin-logger.DEBUG: Running post-processing for post 1290 [] []
[2024-07-15 22:53:19] merlin-logger.WARNING: Could not find the author for "Default Kit" (post #1290) [] []
[2024-07-15 22:53:19] merlin-logger.DEBUG: Post 1290 was imported with author "zamari1", but could not be found [] []
[2024-07-15 22:53:19] merlin-logger.DEBUG: Post 1290 was marked for post-processing, but none was required. [] []
[2024-07-15 22:53:19] merlin-logger.DEBUG: Running post-processing for post 800 [] []
[2024-07-15 22:53:19] merlin-logger.WARNING: Could not find the author for "" (post #800) [] []
[2024-07-15 22:53:19] merlin-logger.DEBUG: Post 800 was imported with author "zamari1", but could not be found [] []
[2024-07-15 22:53:19] merlin-logger.DEBUG: Post 800 was marked for post-processing, but none was required. [] []
[2024-07-15 22:53:19] merlin-logger.DEBUG: Running post-processing for post 805 [] []
[2024-07-15 22:53:19] merlin-logger.WARNING: Could not find the author for "Home" (post #805) [] []
[2024-07-15 22:53:19] merlin-logger.DEBUG: Post 805 was imported with author "zamari1", but could not be found [] []
[2024-07-15 22:53:19] merlin-logger.DEBUG: Post 805 was marked for post-processing, but none was required. [] []
[2024-07-15 22:53:19] merlin-logger.DEBUG: Running post-processing for post 824 [] []
[2024-07-15 22:53:19] merlin-logger.WARNING: Could not find the author for "Services" (post #824) [] []
[2024-07-15 22:53:19] merlin-logger.DEBUG: Post 824 was imported with author "zamari1", but could not be found [] []
[2024-07-15 22:53:19] merlin-logger.DEBUG: Post 824 was marked for post-processing, but none was required. [] []
[2024-07-15 22:53:19] merlin-logger.DEBUG: Running post-processing for post 825 [] []
[2024-07-15 22:53:19] merlin-logger.WARNING: Could not find the author for "" (post #825) [] []
[2024-07-15 22:53:19] merlin-logger.DEBUG: Post 825 was imported with author "zamari1", but could not be found [] []
[2024-07-15 22:53:19] merlin-logger.DEBUG: Post 825 was marked for post-processing, but none was required. [] []
[2024-07-15 22:53:19] merlin-logger.DEBUG: Running post-processing for post 829 [] []
[2024-07-15 22:53:19] merlin-logger.WARNING: Could not find the author for "Pages" (post #829) [] []
[2024-07-15 22:53:19] merlin-logger.DEBUG: Post 829 was imported with author "zamari1", but could not be found [] []
[2024-07-15 22:53:19] merlin-logger.DEBUG: Post 829 was marked for post-processing, but none was required. [] []
[2024-07-15 22:53:19] merlin-logger.DEBUG: Running post-processing for post 831 [] []
[2024-07-15 22:53:19] merlin-logger.WARNING: Could not find the author for "Blog" (post #831) [] []
[2024-07-15 22:53:19] merlin-logger.DEBUG: Post 831 was imported with author "zamari1", but could not be found [] []
[2024-07-15 22:53:19] merlin-logger.DEBUG: Post 831 was marked for post-processing, but none was required. [] []
[2024-07-15 22:53:19] merlin-logger.DEBUG: Running post-processing for post 834 [] []
[2024-07-15 22:53:19] merlin-logger.WARNING: Could not find the author for "" (post #834) [] []
[2024-07-15 22:53:19] merlin-logger.DEBUG: Post 834 was imported with author "zamari1", but could not be found [] []
[2024-07-15 22:53:19] merlin-logger.DEBUG: Post 834 was marked for post-processing, but none was required. [] []
[2024-07-15 22:53:19] merlin-logger.DEBUG: Running post-processing for post 835 [] []
[2024-07-15 22:53:19] merlin-logger.WARNING: Could not find the author for "" (post #835) [] []
[2024-07-15 22:53:19] merlin-logger.DEBUG: Post 835 was imported with author "zamari1", but could not be found [] []
[2024-07-15 22:53:19] merlin-logger.DEBUG: Post 835 was marked for post-processing, but none was required. [] []
[2024-07-15 22:53:19] merlin-logger.DEBUG: Running post-processing for post 836 [] []
[2024-07-15 22:53:19] merlin-logger.WARNING: Could not find the author for "" (post #836) [] []
[2024-07-15 22:53:19] merlin-logger.DEBUG: Post 836 was imported with author "zamari1", but could not be found [] []
[2024-07-15 22:53:19] merlin-logger.DEBUG: Post 836 was marked for post-processing, but none was required. [] []
[2024-07-15 22:53:19] merlin-logger.DEBUG: Running post-processing for post 839 [] []
[2024-07-15 22:53:19] merlin-logger.WARNING: Could not find the author for "bissful" (post #839) [] []
[2024-07-15 22:53:19] merlin-logger.DEBUG: Post 839 was imported with author "zamari1", but could not be found [] []
[2024-07-15 22:53:19] merlin-logger.DEBUG: Post 839 was marked for post-processing, but none was required. [] []
[2024-07-15 22:53:19] merlin-logger.DEBUG: Running post-processing for post 852 [] []
[2024-07-15 22:53:19] merlin-logger.WARNING: Could not find the author for "Service Details" (post #852) [] []
[2024-07-15 22:53:19] merlin-logger.DEBUG: Post 852 was imported with author "zamari1", but could not be found [] []
[2024-07-15 22:53:19] merlin-logger.DEBUG: Post 852 was marked for post-processing, but none was required. [] []
[2024-07-15 22:53:19] merlin-logger.DEBUG: Running post-processing for post 1295 [] []
[2024-07-15 22:53:19] merlin-logger.WARNING: Could not find the author for "Bg" (post #1295) [] []
[2024-07-15 22:53:19] merlin-logger.DEBUG: Post 1295 was imported with author "zamari1", but could not be found [] []
[2024-07-15 22:53:19] merlin-logger.DEBUG: Running post-processing for post 1296 [] []
[2024-07-15 22:53:19] merlin-logger.WARNING: Could not find the author for "Frame (5)" (post #1296) [] []
[2024-07-15 22:53:19] merlin-logger.DEBUG: Post 1296 was imported with author "zamari1", but could not be found [] []
[2024-07-15 22:53:19] merlin-logger.DEBUG: Running post-processing for post 1297 [] []
[2024-07-15 22:53:19] merlin-logger.WARNING: Could not find the author for "Vector (4)" (post #1297) [] []
[2024-07-15 22:53:19] merlin-logger.DEBUG: Post 1297 was imported with author "zamari1", but could not be found [] []
[2024-07-15 22:53:19] merlin-logger.DEBUG: Running post-processing for post 1301 [] []
[2024-07-15 22:53:19] merlin-logger.WARNING: Could not find the author for "Frame (6)" (post #1301) [] []
[2024-07-15 22:53:19] merlin-logger.DEBUG: Post 1301 was imported with author "zamari1", but could not be found [] []
[2024-07-15 22:53:19] merlin-logger.DEBUG: Post 1301 was marked for post-processing, but none was required. [] []
[2024-07-15 22:53:19] merlin-logger.DEBUG: Running post-processing for post 1305 [] []
[2024-07-15 22:53:19] merlin-logger.WARNING: Could not find the author for "solar_heart-broken" (post #1305) [] []
[2024-07-15 22:53:19] merlin-logger.DEBUG: Post 1305 was imported with author "zamari1", but could not be found [] []
[2024-07-15 22:53:19] merlin-logger.DEBUG: Running post-processing for post 1306 [] []
[2024-07-15 22:53:19] merlin-logger.WARNING: Could not find the author for "Sample Page" (post #1306) [] []
[2024-07-15 22:53:19] merlin-logger.DEBUG: Post 1306 was imported with author "zamari1", but could not be found [] []
[2024-07-15 22:53:19] merlin-logger.DEBUG: Post 1306 was marked for post-processing, but none was required. [] []
[2024-07-15 22:53:19] merlin-logger.DEBUG: Running post-processing for post 1307 [] []
[2024-07-15 22:53:19] merlin-logger.WARNING: Could not find the author for "Gardens Perfected a Weeding" (post #1307) [] []
[2024-07-15 22:53:19] merlin-logger.DEBUG: Post 1307 was imported with author "zamari1", but could not be found [] []
[2024-07-15 22:53:19] merlin-logger.DEBUG: Running post-processing for post 1308 [] []
[2024-07-15 22:53:19] merlin-logger.WARNING: Could not find the author for "Eradicating Weeds a Elevating" (post #1308) [] []
[2024-07-15 22:53:19] merlin-logger.DEBUG: Post 1308 was imported with author "zamari1", but could not be found [] []
[2024-07-15 22:53:19] merlin-logger.DEBUG: Post 1308 was marked for post-processing, but none was required. [] []
[2024-07-15 22:53:19] merlin-logger.DEBUG: Running post-processing for post 1309 [] []
[2024-07-15 22:53:19] merlin-logger.WARNING: Could not find the author for "Unveiling the most Hidden Charm" (post #1309) [] []
[2024-07-15 22:53:19] merlin-logger.DEBUG: Post 1309 was imported with author "zamari1", but could not be found [] []
[2024-07-15 22:53:19] merlin-logger.DEBUG: Post 1309 was marked for post-processing, but none was required. [] []
[2024-07-15 22:53:19] merlin-logger.DEBUG: Running post-processing for post 1310 [] []
[2024-07-15 22:53:19] merlin-logger.WARNING: Could not find the author for "A love story in motion wedding" (post #1310) [] []
[2024-07-15 22:53:19] merlin-logger.DEBUG: Post 1310 was imported with author "zamari1", but could not be found [] []
[2024-07-15 22:53:19] merlin-logger.DEBUG: Post 1310 was marked for post-processing, but none was required. [] []
[2024-07-15 22:53:19] merlin-logger.DEBUG: Running post-processing for post 1311 [] []
[2024-07-15 22:53:19] merlin-logger.WARNING: Could not find the author for "Home Two" (post #1311) [] []
[2024-07-15 22:53:19] merlin-logger.DEBUG: Post 1311 was imported with author "zamari1", but could not be found [] []
[2024-07-15 22:53:19] merlin-logger.DEBUG: Post 1311 was marked for post-processing, but none was required. [] []
[2024-07-15 22:53:19] merlin-logger.DEBUG: Running post-processing for post 1312 [] []
[2024-07-15 22:53:19] merlin-logger.WARNING: Could not find the author for "Home Three" (post #1312) [] []
[2024-07-15 22:53:19] merlin-logger.DEBUG: Post 1312 was imported with author "zamari1", but could not be found [] []
[2024-07-15 22:53:19] merlin-logger.DEBUG: Post 1312 was marked for post-processing, but none was required. [] []
[2024-07-15 22:53:19] merlin-logger.DEBUG: Running post-processing for post 1313 [] []
[2024-07-15 22:53:19] merlin-logger.WARNING: Could not find the author for "About Us" (post #1313) [] []
[2024-07-15 22:53:19] merlin-logger.DEBUG: Post 1313 was imported with author "zamari1", but could not be found [] []
[2024-07-15 22:53:19] merlin-logger.DEBUG: Post 1313 was marked for post-processing, but none was required. [] []
[2024-07-15 22:53:19] merlin-logger.DEBUG: Running post-processing for post 1314 [] []
[2024-07-15 22:53:19] merlin-logger.WARNING: Could not find the author for "Service" (post #1314) [] []
[2024-07-15 22:53:19] merlin-logger.DEBUG: Post 1314 was imported with author "zamari1", but could not be found [] []
[2024-07-15 22:53:19] merlin-logger.DEBUG: Post 1314 was marked for post-processing, but none was required. [] []
[2024-07-15 22:53:19] merlin-logger.DEBUG: Running post-processing for post 1315 [] []
[2024-07-15 22:53:19] merlin-logger.WARNING: Could not find the author for "Engagement Ceremony" (post #1315) [] []
[2024-07-15 22:53:19] merlin-logger.DEBUG: Post 1315 was imported with author "zamari1", but could not be found [] []
[2024-07-15 22:53:19] merlin-logger.DEBUG: Post 1315 was marked for post-processing, but none was required. [] []
[2024-07-15 22:53:19] merlin-logger.DEBUG: Running post-processing for post 1316 [] []
[2024-07-15 22:53:19] merlin-logger.WARNING: Could not find the author for "Project" (post #1316) [] []
[2024-07-15 22:53:19] merlin-logger.DEBUG: Post 1316 was imported with author "zamari1", but could not be found [] []
[2024-07-15 22:53:19] merlin-logger.DEBUG: Post 1316 was marked for post-processing, but none was required. [] []
[2024-07-15 22:53:19] merlin-logger.DEBUG: Running post-processing for post 1317 [] []
[2024-07-15 22:53:19] merlin-logger.WARNING: Could not find the author for "Project Details" (post #1317) [] []
[2024-07-15 22:53:19] merlin-logger.DEBUG: Post 1317 was imported with author "zamari1", but could not be found [] []
[2024-07-15 22:53:19] merlin-logger.DEBUG: Post 1317 was marked for post-processing, but none was required. [] []
[2024-07-15 22:53:19] merlin-logger.DEBUG: Running post-processing for post 1318 [] []
[2024-07-15 22:53:19] merlin-logger.WARNING: Could not find the author for "Contact Us" (post #1318) [] []
[2024-07-15 22:53:19] merlin-logger.DEBUG: Post 1318 was imported with author "zamari1", but could not be found [] []
[2024-07-15 22:53:19] merlin-logger.DEBUG: Post 1318 was marked for post-processing, but none was required. [] []
[2024-07-15 22:53:19] merlin-logger.DEBUG: Running post-processing for post 1319 [] []
[2024-07-15 22:53:19] merlin-logger.WARNING: Could not find the author for "Blog" (post #1319) [] []
[2024-07-15 22:53:19] merlin-logger.DEBUG: Post 1319 was imported with author "zamari1", but could not be found [] []
[2024-07-15 22:53:19] merlin-logger.DEBUG: Post 1319 was marked for post-processing, but none was required. [] []
[2024-07-15 22:53:19] merlin-logger.DEBUG: Running post-processing for post 798 [] []
[2024-07-15 22:53:19] merlin-logger.WARNING: Could not find the author for "Sample Page" (post #798) [] []
[2024-07-15 22:53:19] merlin-logger.DEBUG: Post 798 was imported with author "zamari1", but could not be found [] []
[2024-07-15 22:53:19] merlin-logger.DEBUG: Post 798 was marked for post-processing, but none was required. [] []
[2024-07-15 22:53:19] merlin-logger.DEBUG: Running post-processing for post 799 [] []
[2024-07-15 22:53:19] merlin-logger.WARNING: Could not find the author for "Home" (post #799) [] []
[2024-07-15 22:53:19] merlin-logger.DEBUG: Post 799 was imported with author "zamari1", but could not be found [] []
[2024-07-15 22:53:19] merlin-logger.DEBUG: Post 799 was marked for post-processing, but none was required. [] []
[2024-07-15 22:53:19] merlin-logger.DEBUG: Running post-processing for post 817 [] []
[2024-07-15 22:53:19] merlin-logger.WARNING: Could not find the author for "Test" (post #817) [] []
[2024-07-15 22:53:19] merlin-logger.DEBUG: Post 817 was imported with author "zamari1", but could not be found [] []
[2024-07-15 22:53:19] merlin-logger.DEBUG: Post 817 was marked for post-processing, but none was required. [] []
[2024-07-15 22:53:19] merlin-logger.DEBUG: Running post-processing for post 853 [] []
[2024-07-15 22:53:19] merlin-logger.WARNING: Could not find the author for "Blog Details" (post #853) [] []
[2024-07-15 22:53:19] merlin-logger.DEBUG: Post 853 was imported with author "zamari1", but could not be found [] []
[2024-07-15 22:53:19] merlin-logger.DEBUG: Post 853 was marked for post-processing, but none was required. [] []
[2024-07-15 22:53:19] merlin-logger.DEBUG: Running post-processing for post 1320 [] []
[2024-07-15 22:53:19] merlin-logger.WARNING: Could not find the author for "Home Two" (post #1320) [] []
[2024-07-15 22:53:19] merlin-logger.DEBUG: Post 1320 was imported with author "zamari1", but could not be found [] []
[2024-07-15 22:53:19] merlin-logger.DEBUG: Post 1320 was marked for post-processing, but none was required. [] []
[2024-07-15 22:53:19] merlin-logger.DEBUG: Running post-processing for post 1321 [] []
[2024-07-15 22:53:19] merlin-logger.WARNING: Could not find the author for "Home Three" (post #1321) [] []
[2024-07-15 22:53:19] merlin-logger.DEBUG: Post 1321 was imported with author "zamari1", but could not be found [] []
[2024-07-15 22:53:19] merlin-logger.DEBUG: Post 1321 was marked for post-processing, but none was required. [] []
[2024-07-15 22:53:19] merlin-logger.DEBUG: Running post-processing for post 7 [] []
[2024-07-15 22:53:19] merlin-logger.WARNING: Could not find the author for "Contact form 1" (post #7) [] []
[2024-07-15 22:53:19] merlin-logger.DEBUG: Post 7 was imported with author "zamari1", but could not be found [] []
[2024-07-15 22:53:19] merlin-logger.DEBUG: Post 7 was marked for post-processing, but none was required. [] []
[2024-07-15 22:53:19] merlin-logger.DEBUG: Running post-processing for post 1322 [] []
[2024-07-15 22:53:19] merlin-logger.WARNING: Could not find the author for "Footer Newsletter" (post #1322) [] []
[2024-07-15 22:53:19] merlin-logger.DEBUG: Post 1322 was imported with author "zamari1", but could not be found [] []
[2024-07-15 22:53:19] merlin-logger.DEBUG: Post 1322 was marked for post-processing, but none was required. [] []
[2024-07-15 22:53:19] merlin-logger.DEBUG: Running post-processing for post 1323 [] []
[2024-07-15 22:53:19] merlin-logger.WARNING: Could not find the author for "Home 2 contact form" (post #1323) [] []
[2024-07-15 22:53:19] merlin-logger.DEBUG: Post 1323 was imported with author "zamari1", but could not be found [] []
[2024-07-15 22:53:19] merlin-logger.DEBUG: Post 1323 was marked for post-processing, but none was required. [] []
[2024-07-15 22:53:19] merlin-logger.DEBUG: Running post-processing for post 1324 [] []
[2024-07-15 22:53:19] merlin-logger.WARNING: Could not find the author for "Home 2 newsletter form" (post #1324) [] []
[2024-07-15 22:53:19] merlin-logger.DEBUG: Post 1324 was imported with author "zamari1", but could not be found [] []
[2024-07-15 22:53:19] merlin-logger.DEBUG: Post 1324 was marked for post-processing, but none was required. [] []
[2024-07-15 22:53:19] merlin-logger.DEBUG: Running post-processing for post 1325 [] []
[2024-07-15 22:53:19] merlin-logger.WARNING: Could not find the author for "Offcanvas Newsletter" (post #1325) [] []
[2024-07-15 22:53:19] merlin-logger.DEBUG: Post 1325 was imported with author "zamari1", but could not be found [] []
[2024-07-15 22:53:19] merlin-logger.DEBUG: Post 1325 was marked for post-processing, but none was required. [] []
[2024-07-15 22:53:19] merlin-logger.DEBUG: Running post-processing for post 1326 [] []
[2024-07-15 22:53:19] merlin-logger.WARNING: Could not find the author for "Home 3 contact form" (post #1326) [] []
[2024-07-15 22:53:19] merlin-logger.DEBUG: Post 1326 was imported with author "zamari1", but could not be found [] []
[2024-07-15 22:53:19] merlin-logger.DEBUG: Post 1326 was marked for post-processing, but none was required. [] []
[2024-07-15 22:53:19] merlin-logger.DEBUG: Running post-processing for post 1327 [] []
[2024-07-15 22:53:19] merlin-logger.WARNING: Could not find the author for "Garden Wedding" (post #1327) [] []
[2024-07-15 22:53:19] merlin-logger.DEBUG: Post 1327 was imported with author "zamari1", but could not be found [] []
[2024-07-15 22:53:19] merlin-logger.DEBUG: Post 1327 was marked for post-processing, but none was required. [] []
[2024-07-15 22:53:19] merlin-logger.DEBUG: Running post-processing for post 1328 [] []
[2024-07-15 22:53:19] merlin-logger.WARNING: Could not find the author for "Unlimited food" (post #1328) [] []
[2024-07-15 22:53:19] merlin-logger.DEBUG: Post 1328 was imported with author "zamari1", but could not be found [] []
[2024-07-15 22:53:19] merlin-logger.DEBUG: Post 1328 was marked for post-processing, but none was required. [] []
[2024-07-15 22:53:19] merlin-logger.DEBUG: Running post-processing for post 1329 [] []
[2024-07-15 22:53:19] merlin-logger.WARNING: Could not find the author for "Unlimited Cake" (post #1329) [] []
[2024-07-15 22:53:19] merlin-logger.DEBUG: Post 1329 was imported with author "zamari1", but could not be found [] []
[2024-07-15 22:53:19] merlin-logger.DEBUG: Post 1329 was marked for post-processing, but none was required. [] []
[2024-07-15 22:53:19] merlin-logger.DEBUG: Running post-processing for post 1330 [] []
[2024-07-15 22:53:19] merlin-logger.WARNING: Could not find the author for "Halud Night" (post #1330) [] []
[2024-07-15 22:53:19] merlin-logger.DEBUG: Post 1330 was imported with author "zamari1", but could not be found [] []
[2024-07-15 22:53:19] merlin-logger.DEBUG: Post 1330 was marked for post-processing, but none was required. [] []
[2024-07-15 22:53:19] merlin-logger.DEBUG: Running post-processing for post 1331 [] []
[2024-07-15 22:53:19] merlin-logger.WARNING: Could not find the author for "Music Party" (post #1331) [] []
[2024-07-15 22:53:19] merlin-logger.DEBUG: Post 1331 was imported with author "zamari1", but could not be found [] []
[2024-07-15 22:53:19] merlin-logger.DEBUG: Post 1331 was marked for post-processing, but none was required. [] []
[2024-07-15 22:53:19] merlin-logger.DEBUG: Running post-processing for post 1332 [] []
[2024-07-15 22:53:19] merlin-logger.WARNING: Could not find the author for "Contact form" (post #1332) [] []
[2024-07-15 22:53:19] merlin-logger.DEBUG: Post 1332 was imported with author "zamari1", but could not be found [] []
[2024-07-15 22:53:19] merlin-logger.DEBUG: Post 1332 was marked for post-processing, but none was required. [] []
[2024-07-15 22:53:19] merlin-logger.DEBUG: Running post-processing for post 812 [] []
[2024-07-15 22:53:19] merlin-logger.WARNING: Could not find the author for "Navigation" (post #812) [] []
[2024-07-15 22:53:19] merlin-logger.DEBUG: Post 812 was imported with author "zamari1", but could not be found [] []
[2024-07-15 22:53:19] merlin-logger.DEBUG: Post 812 was marked for post-processing, but none was required. [] []
[2024-07-15 22:53:19] merlin-logger.DEBUG: Running post-processing for post 820 [] []
[2024-07-15 22:53:19] merlin-logger.WARNING: Could not find the author for "Footer Newletter V2" (post #820) [] []
[2024-07-15 22:53:19] merlin-logger.DEBUG: Post 820 was imported with author "zamari1", but could not be found [] []
[2024-07-15 22:53:19] merlin-logger.DEBUG: Post 820 was marked for post-processing, but none was required. [] []
[2024-07-15 22:53:19] merlin-logger.INFO: Starting remapping of featured images [] []
[2024-07-15 22:53:22] merlin-logger.INFO: The content import AJAX call will be executed with this import data {"title":"Widgets","data":"C:\\xampp\\htdocs\\wordpress/wp-content/themes/bissful/inc/admin/import/home-one/widgets.wie"} []
[2024-07-15 22:53:22] merlin-logger.DEBUG: Bissful Sidebar :   Block - No Title - Imported Block - No Title - Imported Block - No Title - Imported Block - No Title - Imported Block - No Title - Imported  Bissful Footer Widget One :   Teconce About Info - No Title - Imported Teconce Contact Info - Contact Us - Imported Teconce Useful Link - Services - Imported Teconce Newsletter - Subscribe - Imported  Footer Two About :   Teconce About Info - No Title - Imported  Footer Two Useful link :   Teconce Useful Link - Services - Imported  Footer Two Contact :   Teconce Contact Info - Get In Touch - Imported  Footer Two Newsletter :   Teconce Newsletter - Subscribe - Imported  Footer Three About :   Teconce About Info V3 - No Title - Imported  Footer Three Useful link :   Teconce Useful Link - Services - Imported  Footer Three Newsletter :   Teconce Newsletter V3 - Subscribe - Imported   [] []
[2024-07-15 22:53:25] merlin-logger.INFO: The content import AJAX call will be executed with this import data {"title":"Theme Options","data":[{"file_path":"C:\\xampp\\htdocs\\wordpress/wp-content/themes/bissful/inc/admin/import/home-one/themeoption.json","option_name":"teconce_options"}]} []
[2024-07-15 22:53:25] merlin-logger.DEBUG: The CSF Framework data was imported {"file_path":"C:\\xampp\\htdocs\\wordpress/wp-content/themes/bissful/inc/admin/import/home-one/themeoption.json","option_name":"teconce_options"} []
[2024-07-15 22:53:28] merlin-logger.INFO: The content import AJAX call will be executed with this import data {"title":"After import setup","data":0} []
[2024-07-15 22:53:35] merlin-logger.DEBUG: The final step has been displayed [] []
[2024-07-16 11:48:21] merlin-logger.DEBUG: The welcome step has been displayed [] []
[2024-07-16 14:55:08] merlin-logger.DEBUG: The content import step has been displayed [] []
[2024-07-16 15:12:00] merlin-logger.DEBUG: The content import step has been displayed [] []
[2024-07-16 15:12:10] merlin-logger.INFO: The content import AJAX call will be executed with this import data {"title":"Content","data":"C:\\xampp\\htdocs\\wordpress/wp-content/themes/bissful/inc/admin/import/home-one/site-contents.xml"} []
[2024-07-16 15:12:11] merlin-logger.DEBUG: The Hello world post status was set to draft [] []
[2024-07-16 15:12:11] merlin-logger.INFO: Media "Group (2)" already exists. [] []
[2024-07-16 15:12:11] merlin-logger.INFO: Media "Vector (1)" already exists. [] []
[2024-07-16 15:12:11] merlin-logger.INFO: Media "Frame (1)" already exists. [] []
[2024-07-16 15:12:11] merlin-logger.INFO: Media "Frame" already exists. [] []
[2024-07-16 15:12:11] merlin-logger.INFO: Media "Rectangle 2679 (1)" already exists. [] []
[2024-07-16 15:12:11] merlin-logger.INFO: Media "Vector" already exists. [] []
[2024-07-16 15:12:11] merlin-logger.INFO: Media "Vector (1)" already exists. [] []
[2024-07-16 15:12:11] merlin-logger.INFO: Media "Vector (2)" already exists. [] []
[2024-07-16 15:12:11] merlin-logger.INFO: Media "Rectangle 2295 (1)" already exists. [] []
[2024-07-16 15:12:11] merlin-logger.INFO: Media "Rectangle 2295 (2)" already exists. [] []
[2024-07-16 15:12:11] merlin-logger.INFO: Media "Rectangle 2295" already exists. [] []
[2024-07-16 15:12:11] merlin-logger.INFO: Media "Frame (3) (1)" already exists. [] []
[2024-07-16 15:12:11] merlin-logger.INFO: Media "Frame (4)" already exists. [] []
[2024-07-16 15:12:11] merlin-logger.INFO: Media "Frame (5)" already exists. [] []
[2024-07-16 15:12:11] merlin-logger.INFO: Media "Frame (6)" already exists. [] []
[2024-07-16 15:12:11] merlin-logger.INFO: Media "Frame (7)" already exists. [] []
[2024-07-16 15:12:11] merlin-logger.INFO: Media "wepik-export-20240213064400E0rK (2)" already exists. [] []
[2024-07-16 15:12:11] merlin-logger.INFO: Media "wepik-export-20240213065305m0DZ 1" already exists. [] []
[2024-07-16 15:12:11] merlin-logger.INFO: Media "wepik-export-20240213064502Ip5f" already exists. [] []
[2024-07-16 15:12:11] merlin-logger.INFO: Media "wepik-export-20240213064538903M (1)" already exists. [] []
[2024-07-16 15:12:11] merlin-logger.INFO: Media "06 (1)" already exists. [] []
[2024-07-16 15:12:11] merlin-logger.INFO: Media "04 (1)" already exists. [] []
[2024-07-16 15:12:11] merlin-logger.INFO: Media "02 (1)" already exists. [] []
[2024-07-16 15:12:11] merlin-logger.INFO: Media "03 (1)" already exists. [] []
[2024-07-16 15:12:11] merlin-logger.INFO: Media "01 (1)" already exists. [] []
[2024-07-16 15:12:11] merlin-logger.INFO: Media "05 (1)" already exists. [] []
[2024-07-16 15:12:11] merlin-logger.INFO: Media "Ellipse 1543" already exists. [] []
[2024-07-16 15:12:11] merlin-logger.INFO: Media "Vector (3)" already exists. [] []
[2024-07-16 15:12:11] merlin-logger.INFO: Media "Rectangle 3707 (1)" already exists. [] []
[2024-07-16 15:12:11] merlin-logger.INFO: Media "Frame (2)" already exists. [] []
[2024-07-16 15:12:11] merlin-logger.INFO: Media "Frame (3)" already exists. [] []
[2024-07-16 15:12:11] merlin-logger.INFO: Media "Frame (4)" already exists. [] []
[2024-07-16 15:12:11] merlin-logger.INFO: Media "Group 1000009184" already exists. [] []
[2024-07-16 15:12:11] merlin-logger.INFO: Media "Rectangle 2577 (1)" already exists. [] []
[2024-07-16 15:12:11] merlin-logger.INFO: Media "Rectangle 3730 (1)" already exists. [] []
[2024-07-16 15:12:11] merlin-logger.INFO: Media "New Project (1)" already exists. [] []
[2024-07-16 15:12:11] merlin-logger.INFO: Media "New Project (2) (1)" already exists. [] []
[2024-07-16 15:12:11] merlin-logger.INFO: Media "New Project (3) (1)" already exists. [] []
[2024-07-16 15:12:11] merlin-logger.INFO: Media "Rectangle 2685 (1)" already exists. [] []
[2024-07-16 15:12:11] merlin-logger.INFO: Media "Ellipse 1232" already exists. [] []
[2024-07-16 15:12:11] merlin-logger.INFO: Template "Default Kit" already exists. [] []
[2024-07-16 15:12:11] merlin-logger.INFO: Template "Default Kit" already exists. [] []
[2024-07-16 15:12:11] merlin-logger.INFO: Navigation Menu Item "" already exists. [] []
[2024-07-16 15:12:11] merlin-logger.INFO: Navigation Menu Item "Home" already exists. [] []
[2024-07-16 15:12:11] merlin-logger.INFO: Navigation Menu Item "" already exists. [] []
[2024-07-16 15:12:11] merlin-logger.INFO: Navigation Menu Item "" already exists. [] []
[2024-07-16 15:12:11] merlin-logger.INFO: Navigation Menu Item "Services" already exists. [] []
[2024-07-16 15:12:11] merlin-logger.INFO: Imported "" (Navigation Menu Item) [] []
[2024-07-16 15:12:11] merlin-logger.DEBUG: Post 825 remapped to 825 [] []
[2024-07-16 15:12:11] merlin-logger.DEBUG: Processing menu item post_type [] []
[2024-07-16 15:12:12] merlin-logger.INFO: Imported "Pages" (Navigation Menu Item) [] []
[2024-07-16 15:12:12] merlin-logger.DEBUG: Post 829 remapped to 829 [] []
[2024-07-16 15:12:12] merlin-logger.DEBUG: Processing menu item custom [] []
[2024-07-16 15:12:12] merlin-logger.DEBUG: Menu item 829 mapped to 829 [] []
[2024-07-16 15:12:12] merlin-logger.INFO: Navigation Menu Item "Blog" already exists. [] []
[2024-07-16 15:12:12] merlin-logger.INFO: Navigation Menu Item "" already exists. [] []
[2024-07-16 15:12:12] merlin-logger.INFO: Navigation Menu Item "" already exists. [] []
[2024-07-16 15:12:12] merlin-logger.INFO: Imported "" (Navigation Menu Item) [] []
[2024-07-16 15:12:12] merlin-logger.DEBUG: Post 836 remapped to 836 [] []
[2024-07-16 15:12:12] merlin-logger.DEBUG: Processing menu item post_type [] []
[2024-07-16 15:12:12] merlin-logger.INFO: Custom CSS "bissful" already exists. [] []
[2024-07-16 15:12:12] merlin-logger.INFO: Navigation Menu Item "Service Details" already exists. [] []
[2024-07-16 15:12:12] merlin-logger.INFO: Media "Bg" already exists. [] []
[2024-07-16 15:12:12] merlin-logger.INFO: Media "Frame (5)" already exists. [] []
[2024-07-16 15:12:12] merlin-logger.INFO: Media "Vector (4)" already exists. [] []
[2024-07-16 15:12:12] merlin-logger.INFO: Media "Frame (6)" already exists. [] []
[2024-07-16 15:12:12] merlin-logger.INFO: Media "solar_heart-broken" already exists. [] []
[2024-07-16 15:12:12] merlin-logger.INFO: Page "Sample Page" already exists. [] []
[2024-07-16 15:12:12] merlin-logger.INFO: Post "Gardens Perfected a Weeding" already exists. [] []
[2024-07-16 15:12:12] merlin-logger.INFO: Post "Eradicating Weeds a Elevating" already exists. [] []
[2024-07-16 15:12:12] merlin-logger.INFO: Post "Unveiling the most Hidden Charm" already exists. [] []
[2024-07-16 15:12:12] merlin-logger.INFO: Post "A love story in motion wedding" already exists. [] []
[2024-07-16 15:12:12] merlin-logger.INFO: Page "Home Two" already exists. [] []
[2024-07-16 15:12:12] merlin-logger.INFO: Page "Home Three" already exists. [] []
[2024-07-16 15:12:12] merlin-logger.INFO: Page "About Us" already exists. [] []
[2024-07-16 15:12:12] merlin-logger.INFO: Page "Service" already exists. [] []
[2024-07-16 15:12:12] merlin-logger.INFO: Service "Engagement Ceremony" already exists. [] []
[2024-07-16 15:12:12] merlin-logger.INFO: Page "Project" already exists. [] []
[2024-07-16 15:12:12] merlin-logger.INFO: Page "Project Details" already exists. [] []
[2024-07-16 15:12:12] merlin-logger.INFO: Page "Contact Us" already exists. [] []
[2024-07-16 15:12:12] merlin-logger.INFO: Page "Blog" already exists. [] []
[2024-07-16 15:12:12] merlin-logger.INFO: Page "Sample Page" already exists. [] []
[2024-07-16 15:12:12] merlin-logger.INFO: Page "Home" already exists. [] []
[2024-07-16 15:12:12] merlin-logger.INFO: Page "Test" already exists. [] []
[2024-07-16 15:12:12] merlin-logger.INFO: Imported "Blog Details" (Navigation Menu Item) [] []
[2024-07-16 15:12:12] merlin-logger.DEBUG: Post 853 remapped to 853 [] []
[2024-07-16 15:12:12] merlin-logger.DEBUG: Processing menu item post_type [] []
[2024-07-16 15:12:13] merlin-logger.INFO: Imported "Home Two" (Navigation Menu Item) [] []
[2024-07-16 15:12:13] merlin-logger.DEBUG: Post 1309 remapped to 2099 [] []
[2024-07-16 15:12:13] merlin-logger.DEBUG: Processing menu item custom [] []
[2024-07-16 15:12:13] merlin-logger.DEBUG: Menu item 1309 mapped to 2099 [] []
[2024-07-16 15:12:13] merlin-logger.INFO: Imported "Home Three" (Navigation Menu Item) [] []
[2024-07-16 15:12:13] merlin-logger.DEBUG: Post 1310 remapped to 2100 [] []
[2024-07-16 15:12:13] merlin-logger.DEBUG: Processing menu item custom [] []
[2024-07-16 15:12:13] merlin-logger.DEBUG: Menu item 1310 mapped to 2100 [] []
[2024-07-16 15:12:13] merlin-logger.INFO: Contact Form "Contact form 1" already exists. [] []
[2024-07-16 15:12:13] merlin-logger.INFO: Contact Form "Footer Newsletter" already exists. [] []
[2024-07-16 15:12:13] merlin-logger.INFO: Contact Form "Home 2 contact form" already exists. [] []
[2024-07-16 15:12:13] merlin-logger.INFO: Contact Form "Home 2 newsletter form" already exists. [] []
[2024-07-16 15:12:13] merlin-logger.INFO: Contact Form "Offcanvas Newsletter" already exists. [] []
[2024-07-16 15:12:13] merlin-logger.INFO: Contact Form "Home 3 contact form" already exists. [] []
[2024-07-16 15:12:13] merlin-logger.INFO: Service "Garden Wedding" already exists. [] []
[2024-07-16 15:12:13] merlin-logger.INFO: Service "Unlimited food" already exists. [] []
[2024-07-16 15:12:13] merlin-logger.INFO: Service "Unlimited Cake" already exists. [] []
[2024-07-16 15:12:13] merlin-logger.INFO: Service "Halud Night" already exists. [] []
[2024-07-16 15:12:13] merlin-logger.INFO: Service "Music Party" already exists. [] []
[2024-07-16 15:12:13] merlin-logger.INFO: Contact Form "Contact form" already exists. [] []
[2024-07-16 15:12:13] merlin-logger.INFO: Navigation Menu "Navigation" already exists. [] []
[2024-07-16 15:12:13] merlin-logger.INFO: Contact Form "Footer Newletter V2" already exists. [] []
[2024-07-16 15:12:13] merlin-logger.DEBUG: Running post-processing for post 825 [] []
[2024-07-16 15:12:13] merlin-logger.WARNING: Could not find the author for "" (post #825) [] []
[2024-07-16 15:12:13] merlin-logger.DEBUG: Post 825 was imported with author "zamari1", but could not be found [] []
[2024-07-16 15:12:13] merlin-logger.WARNING: Could not find the menu object for "" (post #825) [] []
[2024-07-16 15:12:13] merlin-logger.DEBUG: Post 825 was imported with object "799" of type "post_type", but could not be found [] []
[2024-07-16 15:12:13] merlin-logger.DEBUG: Post 825 was marked for post-processing, but none was required. [] []
[2024-07-16 15:12:13] merlin-logger.DEBUG: Running post-processing for post 829 [] []
[2024-07-16 15:12:13] merlin-logger.WARNING: Could not find the author for "Pages" (post #829) [] []
[2024-07-16 15:12:13] merlin-logger.DEBUG: Post 829 was imported with author "zamari1", but could not be found [] []
[2024-07-16 15:12:13] merlin-logger.DEBUG: Post 829 was marked for post-processing, but none was required. [] []
[2024-07-16 15:12:13] merlin-logger.DEBUG: Running post-processing for post 836 [] []
[2024-07-16 15:12:13] merlin-logger.WARNING: Could not find the author for "" (post #836) [] []
[2024-07-16 15:12:13] merlin-logger.DEBUG: Post 836 was imported with author "zamari1", but could not be found [] []
[2024-07-16 15:12:13] merlin-logger.WARNING: Could not find the menu object for "" (post #836) [] []
[2024-07-16 15:12:13] merlin-logger.DEBUG: Post 836 was imported with object "634" of type "post_type", but could not be found [] []
[2024-07-16 15:12:13] merlin-logger.DEBUG: Post 836 was marked for post-processing, but none was required. [] []
[2024-07-16 15:12:13] merlin-logger.DEBUG: Running post-processing for post 853 [] []
[2024-07-16 15:12:13] merlin-logger.WARNING: Could not find the author for "Blog Details" (post #853) [] []
[2024-07-16 15:12:13] merlin-logger.DEBUG: Post 853 was imported with author "zamari1", but could not be found [] []
[2024-07-16 15:12:13] merlin-logger.WARNING: Could not find the menu object for "Blog Details" (post #853) [] []
[2024-07-16 15:12:13] merlin-logger.DEBUG: Post 853 was imported with object "113" of type "post_type", but could not be found [] []
[2024-07-16 15:12:13] merlin-logger.DEBUG: Post 853 was marked for post-processing, but none was required. [] []
[2024-07-16 15:12:13] merlin-logger.DEBUG: Running post-processing for post 2099 [] []
[2024-07-16 15:12:13] merlin-logger.WARNING: Could not find the author for "Home Two" (post #2099) [] []
[2024-07-16 15:12:13] merlin-logger.DEBUG: Post 2099 was imported with author "zamari1", but could not be found [] []
[2024-07-16 15:12:13] merlin-logger.DEBUG: Post 2099 was marked for post-processing, but none was required. [] []
[2024-07-16 15:12:13] merlin-logger.DEBUG: Running post-processing for post 2100 [] []
[2024-07-16 15:12:13] merlin-logger.WARNING: Could not find the author for "Home Three" (post #2100) [] []
[2024-07-16 15:12:13] merlin-logger.DEBUG: Post 2100 was imported with author "zamari1", but could not be found [] []
[2024-07-16 15:12:13] merlin-logger.DEBUG: Post 2100 was marked for post-processing, but none was required. [] []
[2024-07-16 15:12:18] merlin-logger.INFO: The content import AJAX call will be executed with this import data {"title":"Widgets","data":"C:\\xampp\\htdocs\\wordpress/wp-content/themes/bissful/inc/admin/import/home-one/widgets.wie"} []
[2024-07-16 15:12:18] merlin-logger.DEBUG: Bissful Sidebar :   Block - No Title - Imported Block - No Title - Imported Block - No Title - Imported Block - No Title - Imported Block - No Title - Imported  Bissful Footer Widget One :   Teconce About Info - No Title - Imported Teconce Contact Info - Contact Us - Imported Teconce Useful Link - Services - Imported Teconce Newsletter - Subscribe - Imported  Footer Two About :   Teconce About Info - No Title - Imported  Footer Two Useful link :   Teconce Useful Link - Services - Imported  Footer Two Contact :   Teconce Contact Info - Get In Touch - Imported  Footer Two Newsletter :   Teconce Newsletter - Subscribe - Imported  Footer Three About :   Teconce About Info V3 - No Title - Imported  Footer Three Useful link :   Teconce Useful Link - Services - Imported  Footer Three Newsletter :   Teconce Newsletter V3 - Subscribe - Imported   [] []
[2024-07-16 15:12:22] merlin-logger.INFO: The content import AJAX call will be executed with this import data {"title":"Theme Options","data":[{"file_path":"C:\\xampp\\htdocs\\wordpress/wp-content/themes/bissful/inc/admin/import/home-one/themeoption.json","option_name":"teconce_options"}]} []
[2024-07-16 15:12:22] merlin-logger.DEBUG: The CSF Framework data was imported {"file_path":"C:\\xampp\\htdocs\\wordpress/wp-content/themes/bissful/inc/admin/import/home-one/themeoption.json","option_name":"teconce_options"} []
[2024-07-16 15:12:27] merlin-logger.INFO: The content import AJAX call will be executed with this import data {"title":"After import setup","data":0} []
[2024-07-16 15:12:33] merlin-logger.DEBUG: The final step has been displayed [] []
[2024-07-16 15:19:18] merlin-logger.DEBUG: The final step has been displayed [] []
[2024-07-16 15:27:27] merlin-logger.DEBUG: The final step has been displayed [] []
[2024-07-16 18:29:09] merlin-logger.DEBUG: The welcome step has been displayed [] []
